2024-07-24 11:10:55.772 - INFO - 16340 - azureml.train.automl._experiment_drivers.driver_utilities.modify_run_configuration:244 - Package azureml-train-automl missing from dependencies file.
2024-07-24 11:10:56.579 - INFO - 16340 - azureml.train.automl._experiment_drivers.driver_utilities.modify_run_configuration:250 - Using pinned version: azureml-train-automl==1.56.0.*
2024-07-24 11:10:57.282 - INFO - 16340 - azureml.train.automl._experiment_drivers.driver_utilities.modify_run_configuration:244 - Package azureml-defaults missing from dependencies file.
2024-07-24 11:10:58.104 - INFO - 16340 - azureml.train.automl._experiment_drivers.driver_utilities.modify_run_configuration:250 - Using pinned version: azureml-defaults==1.56.0.*
2024-07-24 11:10:58.105 - INFO - 16340 - azureml.train.automl._experiment_drivers.driver_utilities.modify_run_configuration:244 - Package pandas missing from dependencies file.
2024-07-24 11:10:58.105 - INFO - 16340 - azureml.train.automl._experiment_drivers.driver_utilities.modify_run_configuration:250 - Using pinned version: pandas==1.3.5
2024-07-24 11:10:58.106 - INFO - 16340 - azureml.train.automl._experiment_drivers.driver_utilities.modify_run_configuration:244 - Package psutil missing from dependencies file.
2024-07-24 11:10:58.106 - INFO - 16340 - azureml.train.automl._experiment_drivers.driver_utilities.modify_run_configuration:250 - Using pinned version: psutil>5.0.0,<6.0.0
2024-07-24 11:10:58.106 - INFO - 16340 - azureml.train.automl._experiment_drivers.driver_utilities.modify_run_configuration:244 - Package scikit-learn missing from dependencies file.
2024-07-24 11:10:58.107 - INFO - 16340 - azureml.train.automl._experiment_drivers.driver_utilities.modify_run_configuration:250 - Using pinned version: scikit-learn==1.1.3
2024-07-24 11:10:58.107 - INFO - 16340 - azureml.train.automl._experiment_drivers.driver_utilities.modify_run_configuration:244 - Package numpy missing from dependencies file.
2024-07-24 11:10:58.107 - INFO - 16340 - azureml.train.automl._experiment_drivers.driver_utilities.modify_run_configuration:250 - Using pinned version: numpy==1.23.5
2024-07-24 11:10:58.108 - INFO - 16340 - azureml.train.automl._experiment_drivers.driver_utilities.modify_run_configuration:244 - Package xgboost missing from dependencies file.
2024-07-24 11:10:58.108 - INFO - 16340 - azureml.train.automl._experiment_drivers.driver_utilities.modify_run_configuration:250 - Using pinned version: xgboost==1.5.2
2024-07-24 11:10:58.109 - INFO - 16340 - azureml.train.automl._experiment_drivers.driver_utilities.modify_run_configuration:244 - Package inference-schema missing from dependencies file.
2024-07-24 11:10:58.109 - INFO - 16340 - azureml.train.automl._experiment_drivers.driver_utilities.modify_run_configuration:244 - Package prophet missing from dependencies file.
2024-07-24 11:10:58.110 - INFO - 16340 - azureml.train.automl._experiment_drivers.driver_utilities.modify_run_configuration:250 - Using pinned version: prophet==1.1.4
2024-07-24 11:10:58.110 - INFO - 16340 - azureml.train.automl._experiment_drivers.driver_utilities.modify_run_configuration:244 - Package holidays missing from dependencies file.
2024-07-24 11:10:58.110 - INFO - 16340 - azureml.train.automl._experiment_drivers.driver_utilities.modify_run_configuration:250 - Using pinned version: holidays==0.29
2024-07-24 11:10:58.111 - INFO - 16340 - azureml.train.automl._experiment_drivers.driver_utilities.modify_run_configuration:244 - Package joblib missing from dependencies file.
2024-07-24 11:10:58.111 - INFO - 16340 - azureml.train.automl._experiment_drivers.driver_utilities.modify_run_configuration:250 - Using pinned version: joblib==1.2.0
2024-07-24 11:10:58.111 - INFO - 16340 - azureml.train.automl._experiment_drivers.driver_utilities.modify_run_configuration:244 - Package setuptools-git missing from dependencies file.
2024-07-24 11:10:58.112 - INFO - 16340 - azureml.train.automl._experiment_drivers.driver_utilities.modify_run_configuration:244 - Package urllib3 missing from dependencies file.
2024-07-24 11:10:58.112 - INFO - 16340 - azureml.train.automl._experiment_drivers.driver_utilities.modify_run_configuration:254 - Using installed version: urllib3==2.2.2
2024-07-24 11:10:58.112 - INFO - 16340 - azureml.train.automl._experiment_drivers.driver_utilities.modify_run_configuration:244 - Package azure-core missing from dependencies file.
2024-07-24 11:10:58.113 - INFO - 16340 - azureml.train.automl._experiment_drivers.driver_utilities.modify_run_configuration:254 - Using installed version: azure-core==1.30.2
2024-07-24 11:10:58.113 - INFO - 16340 - azureml.train.automl._experiment_drivers.driver_utilities.modify_run_configuration:244 - Package boto3 missing from dependencies file.
2024-07-24 11:10:58.113 - INFO - 16340 - azureml.train.automl._experiment_drivers.driver_utilities.modify_run_configuration:250 - Using pinned version: boto3==1.20.19
2024-07-24 11:10:58.114 - INFO - 16340 - azureml.train.automl._experiment_drivers.driver_utilities.modify_run_configuration:244 - Package botocore missing from dependencies file.
2024-07-24 11:10:58.114 - INFO - 16340 - azureml.train.automl._experiment_drivers.driver_utilities.modify_run_configuration:250 - Using pinned version: botocore==1.23.19
2024-07-24 11:10:58.115 - INFO - 16340 - azureml.automl.core.dataset_utilities._save_datasets_to_json:255 - JSON serialization of input of type <class 'NoneType'> is un-supported.
2024-07-24 11:10:58.116 - INFO - 16340 - azureml.automl.core.dataset_utilities._save_datasets_to_json:255 - JSON serialization of input of type <class 'NoneType'> is un-supported.
2024-07-24 11:10:58.116 - INFO - 16340 - azureml.train.automl._experiment_drivers.driver_utilities.validate_input:124 - Start data validation.
2024-07-24 11:11:02.527 - INFO - 16340 - azureml.train.automl._experiment_drivers.driver_utilities.validate_input:137 - Validation service found the data has no errors.
2024-07-24 11:11:02.528 - INFO - 16340 - azureml.train.automl._experiment_drivers.driver_utilities.create_remote_parent_run:381 - Start creating parent run.
2024-07-24 11:11:05.070 - INFO - 16340 - azureml.train.automl._experiment_drivers.driver_utilities.create_remote_parent_run:401 - [ParentRunID:AutoML_5101f564-eac1-4f5a-b5d2-9d8225d626fa] Remote run using input X and y.
2024-07-24 11:11:08.505 - INFO - 16340 - azureml.train.automl._experiment_drivers.driver_utilities.start_remote_run:336 - Starting a snapshot run (snapshot_id : None)
